<?xml version="1.0" encoding="UTF-8"?>
<!-- Generated by org.testng.reporters.JUnitXMLReporter -->
<testsuite ignored="0" hostname="LAPTOP-Q4OQ44HK" failures="0" tests="2" name="BankingApp Test" time="52.951" errors="0" timestamp="2022-10-28T15:52:54 IST">
  <testcase classname="com.InetBanking.testCases.TC_LoginTest_01" name="LoginTest" time="13.126"/>
  <testcase classname="com.InetBanking.testCases.TC_AddCustomerTest_03" name="AddNewCustomer" time="27.97"/>
</testsuite> <!-- BankingApp Test -->
