<?xml version="1.0" encoding="UTF-8"?>
<testsuite xmlns:xsi="http://www.w3.org/2001/XMLSchema-instance" xsi:noNamespaceSchemaLocation="https://maven.apache.org/surefire/maven-surefire-plugin/xsd/surefire-test-report-3.0.xsd" version="3.0" name="TestSuite" time="54.449" tests="2" errors="0" skipped="0" failures="0">
  <properties>
[...]
</properties>
  <testcase name="LoginTest" classname="com.InetBanking.testCases.TC_LoginTest_01" time="13.091">
    <system-out><![CDATA[INFO  ebanking - URL Launched
INFO  ebanking - entered username
INFO  ebanking - password entered
INFO  ebanking - Submited
INFO  ebanking - Login Test passed
]]></system-out>
    <system-err><![CDATA[Starting ChromeDriver 105.0.5195.19 (b9c217c128c16f53d12f9a02933fcfdec1bf49af-refs/branch-heads/5195@{#176}) on port 41984
Only local connections are allowed.
Please see https://chromedriver.chromium.org/security-considerations for suggestions on keeping ChromeDriver safe.
ChromeDriver was started successfully.
[1666952524.221][WARNING]: This version of ChromeDriver has not been tested with Chrome version 106.
Oct 28, 2022 3:52:04 PM org.openqa.selenium.remote.ProtocolHandshake createSession
INFO: Detected dialect: W3C
]]></system-err>
  </testcase>
  <testcase name="AddNewCustomer" classname="com.InetBanking.testCases.TC_AddCustomerTest_03" time="27.954">
    <system-out><![CDATA[INFO  ebanking - Username provided
INFO  ebanking - Password provided
INFO  ebanking - submitted
INFO  ebanking - clicked on AddNewCustomer once
INFO  ebanking - taken back
INFO  ebanking - clicked on AddNewCustomer 2nd time
INFO  ebanking - entered name
INFO  ebanking - selected gender
INFO  ebanking - provided dob
INFO  ebanking - adress entered
INFO  ebanking - entered city
INFO  ebanking - entered state
INFO  ebanking - entered pin
INFO  ebanking - phone number given
INFO  ebanking - provided email
INFO  ebanking - entered pwd
]]></system-out>
    <system-err><![CDATA[Starting ChromeDriver 105.0.5195.19 (b9c217c128c16f53d12f9a02933fcfdec1bf49af-refs/branch-heads/5195@{#176}) on port 40953
Only local connections are allowed.
Please see https://chromedriver.chromium.org/security-considerations for suggestions on keeping ChromeDriver safe.
ChromeDriver was started successfully.
[1666952542.282][WARNING]: This version of ChromeDriver has not been tested with Chrome version 106.
Oct 28, 2022 3:52:22 PM org.openqa.selenium.remote.ProtocolHandshake createSession
INFO: Detected dialect: W3C
]]></system-err>
  </testcase>
</testsuite>