<?xml version="1.0" encoding="UTF-8"?>
<testng-results ignored="0" total="2" passed="2" failed="0" skipped="0">
  <reporter-output>
  </reporter-output>
  <suite started-at="2022-10-28T15:52:01 IST" name="InetBankingV1" finished-at="2022-10-28T15:52:54 IST" duration-ms="52951">
    <groups>
    </groups>
    <test started-at="2022-10-28T15:52:01 IST" name="BankingApp Test" finished-at="2022-10-28T15:52:54 IST" duration-ms="52951">
      <class name="com.InetBanking.testCases.TC_LoginTest_01">
        <test-method is-config="true" signature="Setup()[pri:0, instance:com.InetBanking.testCases.TC_LoginTest_01@a3d8174]" started-at="2022-10-28T15:52:01 IST" name="Setup" finished-at="2022-10-28T15:52:07 IST" duration-ms="6175" status="PASS">
          <reporter-output>
          </reporter-output>
        </test-method> <!-- Setup -->
        <test-method signature="LoginTest()[pri:0, instance:com.InetBanking.testCases.TC_LoginTest_01@a3d8174]" started-at="2022-10-28T15:52:08 IST" name="LoginTest" finished-at="2022-10-28T15:52:21 IST" duration-ms="13126" status="PASS">
          <reporter-output>
          </reporter-output>
        </test-method> <!-- LoginTest -->
        <test-method is-config="true" signature="tearDown()[pri:0, instance:com.InetBanking.testCases.TC_LoginTest_01@a3d8174]" started-at="2022-10-28T15:52:21 IST" name="tearDown" finished-at="2022-10-28T15:52:21 IST" duration-ms="346" status="PASS">
          <reporter-output>
          </reporter-output>
        </test-method> <!-- tearDown -->
      </class> <!-- com.InetBanking.testCases.TC_LoginTest_01 -->
      <class name="com.InetBanking.testCases.TC_AddCustomerTest_03">
        <test-method is-config="true" signature="Setup()[pri:0, instance:com.InetBanking.testCases.TC_AddCustomerTest_03@66498326]" started-at="2022-10-28T15:52:21 IST" name="Setup" finished-at="2022-10-28T15:52:25 IST" duration-ms="4411" status="PASS">
          <reporter-output>
          </reporter-output>
        </test-method> <!-- Setup -->
        <test-method signature="AddNewCustomer()[pri:0, instance:com.InetBanking.testCases.TC_AddCustomerTest_03@66498326]" started-at="2022-10-28T15:52:25 IST" name="AddNewCustomer" finished-at="2022-10-28T15:52:53 IST" duration-ms="27970" status="PASS">
          <reporter-output>
          </reporter-output>
        </test-method> <!-- AddNewCustomer -->
        <test-method is-config="true" signature="tearDown()[pri:0, instance:com.InetBanking.testCases.TC_AddCustomerTest_03@66498326]" started-at="2022-10-28T15:52:53 IST" name="tearDown" finished-at="2022-10-28T15:52:54 IST" duration-ms="347" status="PASS">
          <reporter-output>
          </reporter-output>
        </test-method> <!-- tearDown -->
      </class> <!-- com.InetBanking.testCases.TC_AddCustomerTest_03 -->
    </test> <!-- BankingApp Test -->
  </suite> <!-- InetBankingV1 -->
</testng-results>
